0 info it worked if it ends with ok
1 verbose cli [ 'node', '/usr/local/bin/npm', 'publish', './' ]
2 info using npm@1.1.45
3 info using node@v0.8.4
4 verbose config file /Users/andineck/.npmrc
5 verbose config file /usr/local/etc/npmrc
6 verbose config file /usr/local/lib/node_modules/npm/npmrc
7 verbose publish [ './' ]
8 verbose read json /Users/andineck/Development/github/csstransform/package.json
9 verbose cache add [ './', null ]
10 silly cache add name=undefined spec="./" args=["./",null]
11 verbose parsed url { pathname: './', path: './', href: './' }
12 silly lockFile 0ee6c175- ./
13 verbose lock ./ /Users/andineck/.npm/0ee6c175-.lock
14 verbose read json package.json
15 verbose tar pack [ '/var/folders/qh/f9q_t2rx3bd1rpp8qrlpbsr80000gn/T/npm-65707/1365427468821-0.4151706953998655/tmp.tgz',
15 verbose tar pack   './' ]
16 verbose tarball /var/folders/qh/f9q_t2rx3bd1rpp8qrlpbsr80000gn/T/npm-65707/1365427468821-0.4151706953998655/tmp.tgz
17 verbose folder ./
18 info prepublish csstransform@0.0.1
19 silly lockFile 8e590a67-68821-0-4151706953998655-tmp-tgz /var/folders/qh/f9q_t2rx3bd1rpp8qrlpbsr80000gn/T/npm-65707/1365427468821-0.4151706953998655/tmp.tgz
20 verbose lock /var/folders/qh/f9q_t2rx3bd1rpp8qrlpbsr80000gn/T/npm-65707/1365427468821-0.4151706953998655/tmp.tgz /Users/andineck/.npm/8e590a67-68821-0-4151706953998655-tmp-tgz.lock
21 silly lockFile 8e590a67-68821-0-4151706953998655-tmp-tgz /var/folders/qh/f9q_t2rx3bd1rpp8qrlpbsr80000gn/T/npm-65707/1365427468821-0.4151706953998655/tmp.tgz
22 verbose tar unpack /var/folders/qh/f9q_t2rx3bd1rpp8qrlpbsr80000gn/T/npm-65707/1365427468821-0.4151706953998655/tmp.tgz
23 silly lockFile 0535d67a-68821-0-4151706953998655-package /var/folders/qh/f9q_t2rx3bd1rpp8qrlpbsr80000gn/T/npm-65707/1365427468821-0.4151706953998655/package
24 verbose lock /var/folders/qh/f9q_t2rx3bd1rpp8qrlpbsr80000gn/T/npm-65707/1365427468821-0.4151706953998655/package /Users/andineck/.npm/0535d67a-68821-0-4151706953998655-package.lock
25 silly gunzTarPerm modes [ '755', '644' ]
26 silly gunzTarPerm extractEntry package.json
27 silly gunzTarPerm extractEntry .npmignore
28 silly gunzTarPerm extractEntry README.md
29 silly gunzTarPerm extractEntry Gruntfile.js
30 silly gunzTarPerm extractEntry index.js
31 silly gunzTarPerm extractEntry .travis.yml
32 silly gunzTarPerm extractEntry lib/csstransform.js
33 silly gunzTarPerm extractEntry test/csstransform.js
34 silly gunzTarPerm extractEntry test/input/bootstrap-responsive.css
35 silly gunzTarPerm extractEntry test/input/bootstrap.css
36 silly gunzTarPerm extractEntry test/output/bootstrap-chained.css
37 silly gunzTarPerm extractEntry test/output/bootstrap-exclude-regex.css
38 silly gunzTarPerm extractEntry test/output/bootstrap-match-regex.css
39 silly gunzTarPerm extractEntry test/output/bootstrap-match-string.css
40 verbose read json /var/folders/qh/f9q_t2rx3bd1rpp8qrlpbsr80000gn/T/npm-65707/1365427468821-0.4151706953998655/package/package.json
41 silly lockFile 0535d67a-68821-0-4151706953998655-package /var/folders/qh/f9q_t2rx3bd1rpp8qrlpbsr80000gn/T/npm-65707/1365427468821-0.4151706953998655/package
42 verbose from cache /var/folders/qh/f9q_t2rx3bd1rpp8qrlpbsr80000gn/T/npm-65707/1365427468821-0.4151706953998655/package/package.json
43 verbose tar pack [ '/Users/andineck/.npm/csstransform/0.0.1/package.tgz',
43 verbose tar pack   '/var/folders/qh/f9q_t2rx3bd1rpp8qrlpbsr80000gn/T/npm-65707/1365427468821-0.4151706953998655/package' ]
44 verbose tarball /Users/andineck/.npm/csstransform/0.0.1/package.tgz
45 verbose folder /var/folders/qh/f9q_t2rx3bd1rpp8qrlpbsr80000gn/T/npm-65707/1365427468821-0.4151706953998655/package
46 silly lockFile 50da168b-m-csstransform-0-0-1-package-tgz /Users/andineck/.npm/csstransform/0.0.1/package.tgz
47 verbose lock /Users/andineck/.npm/csstransform/0.0.1/package.tgz /Users/andineck/.npm/50da168b-m-csstransform-0-0-1-package-tgz.lock
48 silly lockFile 50da168b-m-csstransform-0-0-1-package-tgz /Users/andineck/.npm/csstransform/0.0.1/package.tgz
49 silly lockFile 62290662-k-npm-csstransform-0-0-1-package /Users/andineck/.npm/csstransform/0.0.1/package
50 verbose lock /Users/andineck/.npm/csstransform/0.0.1/package /Users/andineck/.npm/62290662-k-npm-csstransform-0-0-1-package.lock
51 silly lockFile 62290662-k-npm-csstransform-0-0-1-package /Users/andineck/.npm/csstransform/0.0.1/package
52 verbose tar unpack /Users/andineck/.npm/csstransform/0.0.1/package.tgz
53 silly lockFile 62290662-k-npm-csstransform-0-0-1-package /Users/andineck/.npm/csstransform/0.0.1/package
54 verbose lock /Users/andineck/.npm/csstransform/0.0.1/package /Users/andineck/.npm/62290662-k-npm-csstransform-0-0-1-package.lock
55 silly gunzTarPerm modes [ '755', '644' ]
56 silly gunzTarPerm extractEntry package.json
57 silly gunzTarPerm extractEntry .npmignore
58 silly gunzTarPerm extractEntry README.md
59 silly gunzTarPerm extractEntry Gruntfile.js
60 silly gunzTarPerm extractEntry index.js
61 silly gunzTarPerm extractEntry .travis.yml
62 silly gunzTarPerm extractEntry lib/csstransform.js
63 silly gunzTarPerm extractEntry test/csstransform.js
64 silly gunzTarPerm extractEntry test/input/bootstrap-responsive.css
65 silly gunzTarPerm extractEntry test/input/bootstrap.css
66 silly gunzTarPerm extractEntry test/output/bootstrap-chained.css
67 silly gunzTarPerm extractEntry test/output/bootstrap-exclude-regex.css
68 silly gunzTarPerm extractEntry test/output/bootstrap-match-regex.css
69 silly gunzTarPerm extractEntry test/output/bootstrap-match-string.css
70 verbose read json /Users/andineck/.npm/csstransform/0.0.1/package/package.json
71 silly lockFile 62290662-k-npm-csstransform-0-0-1-package /Users/andineck/.npm/csstransform/0.0.1/package
72 silly shasum updated bytes 40960
73 silly shasum updated bytes 40960
74 silly shasum updated bytes 15295
75 info shasum 0d3a168eb4bf212cdb359910259864a8d2b39be3
75 info shasum /Users/andineck/.npm/csstransform/0.0.1/package.tgz
76 verbose from cache /Users/andineck/.npm/csstransform/0.0.1/package/package.json
77 verbose chmod /Users/andineck/.npm/csstransform/0.0.1/package.tgz 644
78 verbose chown /Users/andineck/.npm/csstransform/0.0.1/package.tgz [ 501, 20 ]
79 silly lockFile 0ee6c175- ./
80 silly publish { name: 'csstransform',
80 silly publish   description: 'Automated CSS Transformations',
80 silly publish   version: '0.0.1',
80 silly publish   author: { name: 'Andi Neck', email: 'andi.neck@intesso.com' },
80 silly publish   contributors: [ { name: 'Andi Neck', email: 'andi.neck@intesso.com' } ],
80 silly publish   dependencies:
80 silly publish    { cssom: 'git://github.com/intesso/CSSOM.git#gh-pages',
80 silly publish      cssbeautify: '~0.3.0' },
80 silly publish   devDependencies: { mocha: '~1.8.2', async: '~0.2.6', lazy: '~1.0.9' },
80 silly publish   keywords: [ 'css', 'transformation' ],
80 silly publish   repository: { type: 'git', url: 'git://github.com/intesso/csstransform' },
80 silly publish   main: 'index',
80 silly publish   engines: { node: '*' },
80 silly publish   scripts: { test: 'node_modules/mocha/bin/mocha' },
80 silly publish   readme: '#csstransform\n\n\nAutomated css transformations.\n\n[![Build Status](https://travis-ci.org/intesso/csstransform.png)](https://travis-ci.org/intesso/csstransform)\n\n#Installation\n```bash\nnpm install csstransform --save-dev\n```\n\n\n#Example Usage\ncsstransform can be used to transform existing css and transform for example it\'s selectors.\n\n```javascript\nvar css = __dirname + \'/input/bootstrap.css\';\nvar target = __dirname + \'/output/bootstrap-match-string.css\';\n\nvar csstransform = require(\'../index\');\nvar csst = csstransform(css);\ncsst.transformSelectorText({\n\tprepend: \'.bootstrap-admin\',\n\tmatch: ".modal"\n});\ncsst.toString(target);\n```\n\n#How it works\ncsstransform uses cssom (a full fledged css parser) to parse the css into an internal css dom. When calling `toString(target)`, the css is formatted with cssbeautify.\n\n#API\n\n##csstransform(css)\nCreates a new CSST Object and parses the css file into a cssom Object.\n\n**Parameters**\n**css**:  *String*,  css Path to the css file to read\n\n**Returns**\n*Object*,  the new created CCST Object that holds the parsed css dom for further transformations.\n\n\n\n##transformSelectorText(op)\nTransforms the css selectors.\ntransformSelectorText is chainable. Therefore several Transformation can take place.\n\n**Parameters**\n**op**:  *Object*,  {[match,] [exclude,] [append,] [prepend,] [replace]}\n\n**Returns**\n*Object*,  this CSST object for function chanining.\n\n**op Object**\n```\n{\t\n\tprepend: String,\n\tappend: String,\n\treplace: [String, String],\n\tmatch: String or Regex,\n\texclude: String or Regex\n}\n```\n\n**op Object Description**\n####prepend\nprepend will prepend the given string to the selector.\n\n####append\nappend will append the given string to the selector.\n\n####replace\nreplace is an Array where the first element is the String that should be replaced and the second element is the String that will be used as replacement.\n\n####match\nIf match is missing, it matches every selector. If match is provided with a String value, it will be used as contains(). If match is a Regex, it will directly be used in the .match(regex) function.\n\n####exclude\nOpposite of match. The found selectors will be excluded from the transfomration. \n\n\n##toString(target)\nwrites the the formatted css to the target file.\n\n**Parameters**\n**target**:  *String*,  Path to the target file.\n\n**Returns**\n*String*,  The formatted css.\n\n\n\n\n#Tests\nRun tests with mocha:\n```\nmocha\n```\n',
80 silly publish   _id: 'csstransform@0.0.1',
80 silly publish   dist: { shasum: '0d3a168eb4bf212cdb359910259864a8d2b39be3' } }
81 verbose url raw csstransform
82 verbose url resolving [ 'https://registry.npmjs.org/', './csstransform' ]
83 verbose url resolved https://registry.npmjs.org/csstransform
84 info retry registry request attempt 1 at 15:24:29
85 http PUT https://registry.npmjs.org/csstransform
86 http 409 https://registry.npmjs.org/csstransform
87 verbose url raw csstransform
88 verbose url resolving [ 'https://registry.npmjs.org/', './csstransform' ]
89 verbose url resolved https://registry.npmjs.org/csstransform
90 info retry registry request attempt 1 at 15:24:30
91 http GET https://registry.npmjs.org/csstransform
92 http 200 https://registry.npmjs.org/csstransform
93 error publish fail Cannot publish over existing version.
93 error publish fail Bump the 'version' field, set the --force flag, or
93 error publish fail     npm unpublish 'csstransform@0.0.1'
93 error publish fail and try again
94 error System Darwin 12.3.0
95 error command "node" "/usr/local/bin/npm" "publish" "./"
96 error cwd /Users/andineck/Development/github/csstransform
97 error node -v v0.8.4
98 error npm -v 1.1.45
99 error code EPUBLISHCONFLICT
100 verbose exit [ 1, true ]
